commit eb8d1fec28d6a2d66bcb8cfd7df122ffce690d05
Author: Andrew Chen <aychen@utexas.edu>
Date:   Thu Oct 26 20:20:21 2017 -0500

    add more documentation photos for wiki

commit dad215ca79395afde03c3b28711fcf8897928918
Author: carlos-loya <exsorest@gmail.com>
Date:   Thu Oct 26 20:18:38 2017 -0500

    Added log file.

commit 5066a66097a8036be17da81c251ea1a42820d692
Author: Andrew Chen <aychen@utexas.edu>
Date:   Thu Oct 26 20:12:59 2017 -0500

    add documenation photos so we can link to wiki

commit f599b0b237c56e7e1ad6fcebf899daa85a371ac0
Author: Andrew Chen <aychen@utexas.edu>
Date:   Thu Oct 26 18:50:31 2017 -0500

    fix link to github wiki

commit 4a5740498c117e12d16f97f5e8bb042b9a83a99d
Author: arr3385 <arogalla@utexas.edu>
Date:   Thu Oct 26 17:08:55 2017 -0500

    add gunicorn

commit d14396ba10e91286e54305cea3ea87c423d0503c
Author: arr3385 <arogalla@utexas.edu>
Date:   Thu Oct 26 16:38:12 2017 -0500

    Update app.yaml

commit 590db5a7fbd12ef2d20370ead781e69be6055821
Merge: 144f1c9 c6ac329
Author: arr3385 <arogalla@utexas.edu>
Date:   Thu Oct 26 16:32:54 2017 -0500

    Merge pull request #19 from arr3385/dev
    
    Dev

commit c6ac329e69a7576ab2655cda36cd8705fd30b298
Merge: f48ce13 144f1c9
Author: arr3385 <arogalla@utexas.edu>
Date:   Thu Oct 26 16:27:43 2017 -0500

    Merge branch 'master' into dev

commit f48ce13cc28017ffdd51294ddfa98bfb7731b530
Author: arr3385 <arogalla@utexas.edu>
Date:   Thu Oct 26 16:10:50 2017 -0500

    Update makefile

commit d0792705d154e8797828b1daf238a916cb25f0b6
Author: arr3385 <arogalla@utexas.edu>
Date:   Thu Oct 26 16:08:50 2017 -0500

    Update app.yaml

commit 6310e6ba5e6d8561490f3a93f3fcd1b9af5f7afd
Author: arr3385 <arogalla@utexas.edu>
Date:   Thu Oct 26 16:07:32 2017 -0500

    Update makefile

commit 39427f1770ad4b343fc3a55c27452a38a0bbdd08
Author: arr3385 <arogalla@utexas.edu>
Date:   Thu Oct 26 16:07:02 2017 -0500

    Update test.py

commit 026b28904ec2d70bc46eb4f88442e67d8b305f79
Author: arr3385 <arogalla@utexas.edu>
Date:   Thu Oct 26 16:06:32 2017 -0500

    Update and rename canja.yaml to app.yaml

commit 897e2fba5ab2b054de91d7fa931ff6d47d95c2b8
Author: arr3385 <arogalla@utexas.edu>
Date:   Thu Oct 26 16:06:06 2017 -0500

    Rename canja.py to app.py

commit 982eeb14262cedf62551e8ac886134394368e971
Author: arr3385 <arogalla@utexas.edu>
Date:   Thu Oct 26 16:05:45 2017 -0500

    Update coverage.txt

commit 55111712ad089d36febaaa914a285b24728b64bd
Author: Andrew Chen <aychen@utexas.edu>
Date:   Thu Oct 26 13:07:04 2017 -0500

    missed a few things.. sorry

commit b70006943c365bc1f915c08f89960c4ea47fae07
Author: Andrew Chen <aychen@utexas.edu>
Date:   Thu Oct 26 13:04:27 2017 -0500

    final commit

commit 406cf3be843fa27d90b62bfb706b186e45649285
Author: Andrew Chen <aychen@utexas.edu>
Date:   Thu Oct 26 10:34:08 2017 -0500

    Implemeneted desktop column layout for the grid system. Also replaced stats card with button

commit 144f1c995a8157774f729fcc8c57117124fb369f
Author: arr3385 <arogalla@utexas.edu>
Date:   Thu Oct 26 10:21:26 2017 -0500

    Update coverage.txt

commit 712c5f3217e30b5c4c3bfbc7bd02776b4bbefc10
Author: arr3385 <arogalla@utexas.edu>
Date:   Thu Oct 26 10:21:03 2017 -0500

    Update test.py

commit d4e6bfc915efc3957348e5103ab23978a4fafb43
Author: arr3385 <arogalla@utexas.edu>
Date:   Thu Oct 26 10:20:13 2017 -0500

    Update makefile

commit 7a372115821772daab2f4745d1eec55db28ebe3e
Author: arr3385 <arogalla@utexas.edu>
Date:   Thu Oct 26 10:08:56 2017 -0500

    Delete appengine_config.py

commit 1fafadc6dff18cd8fe85e215142fbc327a4be225
Author: arr3385 <arogalla@utexas.edu>
Date:   Thu Oct 26 09:56:54 2017 -0500

    Create appengine_config.py

commit ef10aeff03699c564ddced034cc7d6dac781f482
Author: arr3385 <arogalla@utexas.edu>
Date:   Thu Oct 26 09:30:29 2017 -0500

    Update and rename canja.yaml to app.yaml

commit 8120fc43f5da1d5132a2eb162f5eabf50a9965b6
Author: arr3385 <arogalla@utexas.edu>
Date:   Thu Oct 26 09:29:34 2017 -0500

    Rename canja.py to app.py

commit 4660c1ba287e26a7e25546a261e4b8a729af9806
Merge: 7e48c68 459a2ba
Author: arr3385 <arogalla@utexas.edu>
Date:   Thu Oct 26 09:28:37 2017 -0500

    Merge pull request #17 from arr3385/dev
    
    Dev

commit 459a2ba1452d2cbc5da24ef9e24c6462c4385b98
Merge: 79c40aa b21e117
Author: carlos-loya <exsorest@gmail.com>
Date:   Thu Oct 26 01:57:49 2017 -0500

    Merge branch 'dev' of https://github.com/arr3385/cs329e-idb into dev

commit 79c40aacbea6a0e63aa714862541cea01c591c3a
Author: carlos-loya <exsorest@gmail.com>
Date:   Thu Oct 26 01:56:52 2017 -0500

    Revamped html files with jinja template inheritance and fixed corresponding href tags. Updated canja.py and test.py to reflect changes. Updated folder structure to match teacher template. closes #3, closes #8

commit 7e48c68396eabdd40c4bac5c9bf275c8539446b7
Merge: 7b649ce b21e117
Author: arr3385 <arogalla@utexas.edu>
Date:   Wed Oct 25 20:37:32 2017 -0500

    Merge pull request #16 from arr3385/dev
    
    Dev

commit b21e117f0a93c6ab1ebc222328ad98536f1d4f93
Author: arr3385 <arogalla@utexas.edu>
Date:   Wed Oct 25 20:11:19 2017 -0500

    Update canja.yaml

commit c22dfb30c954f64f5fd2ebfc2ec361e7b2061a00
Merge: 34ddfda f956ca9
Author: carlos-loya <exsorest@gmail.com>
Date:   Wed Oct 25 20:06:36 2017 -0500

    Merge branch 'dev' of https://github.com/arr3385/cs329e-idb into dev

commit 34ddfda0cf00aaf60f8d164673d2f76c88d70b72
Author: carlos-loya <exsorest@gmail.com>
Date:   Wed Oct 25 20:06:28 2017 -0500

    Added my picture and bio to the stats page.

commit f956ca9f07a4c049c7bf19e36a250878198de6d2
Author: arr3385 <arogalla@utexas.edu>
Date:   Wed Oct 25 20:04:07 2017 -0500

    Delete app.yaml

commit f0d5af67c0c4679e7080344f56242809c1d8298e
Author: arr3385 <arogalla@utexas.edu>
Date:   Wed Oct 25 20:01:23 2017 -0500

    Create app.yaml

commit f95294fb708329ee80b3dc12df8e6028d2448154
Author: Andrew Chen <aychen@utexas.edu>
Date:   Wed Oct 25 16:41:39 2017 -0500

    unified <h1> css typography style throughout the site templates

commit 2dbc460f35ca676ccee08b5e61d18ff916ca2e58
Author: Andrew Chen <aychen@utexas.edu>
Date:   Wed Oct 25 16:30:35 2017 -0500

    cleaned up publisher and author lists

commit 208d5aacbb9cc86d3937d42aaba24f0633322903
Author: Andrew Chen <aychen@utexas.edu>
Date:   Wed Oct 25 16:28:25 2017 -0500

    adjust mdl-card layout in publishers

commit b2efe6b4e3b3f47bb898560a2121bbcbb594f95f
Author: Andrew Chen <aychen@utexas.edu>
Date:   Wed Oct 25 16:11:52 2017 -0500

    adjust mdl-card grid/col layout to accommodate for 1920x1080 and 16:9 aspect ratio

commit 6f96729a116c167dbd5b32522c9b26c8b68a44b3
Author: Andrew Chen <aychen@utexas.edu>
Date:   Wed Oct 25 15:43:19 2017 -0500

    adjusted stats page to put every member in a single row

commit 16948721f6aabbe9271491becb2cc418aa6e780e
Author: Andrew Chen <aychen@utexas.edu>
Date:   Wed Oct 25 15:05:21 2017 -0500

    updated layout for books

commit 8877f4db273dc9f06ac4a8b6d9ad86c5f3ec0bab
Author: Andrew Chen <aychen@utexas.edu>
Date:   Wed Oct 25 14:38:05 2017 -0500

    Moved images to appropriate folder. Adjusted stats for appropriate image routing

commit 3ffd6a655da3c8b51581f53be737ed8500172803
Author: Nancy Tran <nancy.t@utexas.edu>
Date:   Wed Oct 25 13:22:00 2017 -0500

    updated description

commit 6490e0a25ff1bd0565c9893b61ac791418831509
Author: Andrew Chen <aychen@utexas.edu>
Date:   Wed Oct 25 12:51:03 2017 -0500

    adjust stats page to incorporate material design cards for each member

commit 51fce7c003827db52266a18d25518488abbbb459
Author: Andrew Chen <aychen@utexas.edu>
Date:   Wed Oct 25 12:50:00 2017 -0500

    adjusted card depth from 2dp -> 8dp for more pop

commit 43ce6898d3e0d151481389242ecebf4ad376b6b1
Author: Andrew Chen <aychen@utexas.edu>
Date:   Wed Oct 25 12:22:57 2017 -0500

    add more depth in mdl cards: from 2dp -> 8dp

commit 6645ac7964f2e396413c7d4fb3f4eb5b4d872be2
Author: Nancy Tran <nancy.t@utexas.edu>
Date:   Wed Oct 25 12:02:54 2017 -0500

    uploaded pic

commit 2f71c3e657c07ca0301d7413ceb2bb7d46f96300
Author: jkonchady <jkonchady97@gmail.com>
Date:   Tue Oct 24 21:17:44 2017 -0500

    Added pictures to stats

commit d1a72c69b9dd6915a8a50331e12c4d6214913408
Author: arr3385 <arogalla@utexas.edu>
Date:   Tue Oct 24 21:10:23 2017 -0500

    Update book3.html

commit 10c713ec4fa4e5cf8be7024c1825b79013939ca7
Author: arr3385 <arogalla@utexas.edu>
Date:   Tue Oct 24 21:09:55 2017 -0500

    Update book2.html

commit aa9f23abea3bb40e0def7c580a23a002c45eaf88
Author: arr3385 <arogalla@utexas.edu>
Date:   Tue Oct 24 21:09:27 2017 -0500

    Update book1.html

commit 1643aefc383a5b2e626003e28b4363fdfd58db28
Author: arr3385 <arogalla@utexas.edu>
Date:   Tue Oct 24 21:04:25 2017 -0500

    Update publisher3.html

commit 227a9442125a7b55a020673563eb0dccd5353543
Author: arr3385 <arogalla@utexas.edu>
Date:   Tue Oct 24 21:00:56 2017 -0500

    Update book3.html

commit 1a65936c89ad939fac9770b7f2733b1eb5dbb0f0
Author: arr3385 <arogalla@utexas.edu>
Date:   Tue Oct 24 20:58:10 2017 -0500

    Update book1.html

commit a1493e8a984b7963934aca40e6bc5533227564fe
Author: arr3385 <arogalla@utexas.edu>
Date:   Tue Oct 24 20:46:01 2017 -0500

    Update book2.html

commit 174874d0f17af6e947b85585f8f384f2e3a3cfb3
Merge: a8e9b84 cc3a92c
Author: jkonchady <jkonchady97@gmail.com>
Date:   Tue Oct 24 20:45:12 2017 -0500

    Merge branch 'dev' of https://github.com/arr3385/cs329e-idb into dev

commit cc3a92c3474e9ea55418f330b343b2fc363348e6
Author: arr3385 <arogalla@utexas.edu>
Date:   Tue Oct 24 20:45:02 2017 -0500

    Update book1.html

commit a8e9b841d8aac6a58e6fccd9f26ef438e40e65e3
Author: jkonchady <jkonchady97@gmail.com>
Date:   Tue Oct 24 20:44:59 2017 -0500

    Author pages made to match

commit aebe462cbb95d2609a4825cb3b9e91b2a012ac0a
Author: Nancy Tran <nancy.t@utexas.edu>
Date:   Tue Oct 24 20:39:29 2017 -0500

    Updated to match publisher1.html

commit 8fae329b2fa75a3e5b4c5d9505dda8d6c3742d28
Author: arr3385 <arogalla@utexas.edu>
Date:   Tue Oct 24 20:38:21 2017 -0500

    Update book1.html

commit 5b2e87fbcb50ff1c77ff00a43a5b0e25070d9746
Author: arr3385 <arogalla@utexas.edu>
Date:   Tue Oct 24 20:37:14 2017 -0500

    Update book2.html

commit 58eb261ca9c6bf6caeb1f7213cbd78f709869979
Author: arr3385 <arogalla@utexas.edu>
Date:   Tue Oct 24 20:31:00 2017 -0500

    Update book2.html

commit 6100099cb2db63e3112b015b575f0ebcc2bd1809
Author: Nancy Tran <nancy.t@utexas.edu>
Date:   Tue Oct 24 20:30:03 2017 -0500

    Update to match publisher1.html

commit b90b45b96c6eafa82ccefc1656cd52f865d0dd8a
Author: arr3385 <arogalla@utexas.edu>
Date:   Tue Oct 24 20:11:11 2017 -0500

    Update stats.html

commit 86086fdaef38f220250a9ccdad2bc6fb67f816a0
Author: carlos-loya <exsorest@gmail.com>
Date:   Tue Oct 24 19:13:52 2017 -0500

    Fixed canja.py, updated coverage.txt and test.py to reflect this changes.

commit 2067068ca9f8e9e83fe42902090122e7b08c13ee
Author: Andrew Chen <aychen@utexas.edu>
Date:   Tue Oct 24 10:42:26 2017 -0500

    url fixes

commit 6d2c40914a15318a022030669fcb052fb9a7eb61
Author: Andrew Chen <aychen@utexas.edu>
Date:   Tue Oct 24 10:38:35 2017 -0500

    update html files for proper display. Everything is in mdl now

commit 1930b5bf2b80786e501e180092305c01eee907d7
Author: jkonchady <jkonchady97@gmail.com>
Date:   Sun Oct 22 09:59:11 2017 -0500

    pages for books, authors and publishers updated

commit a5daea11a6a1d4bb4f5c24d9b178e8ee7b2c8b82
Author: Andrew Chen <aychen@utexas.edu>
Date:   Sun Oct 22 00:07:47 2017 -0500

    testing new look for <h1>

commit 7b649ceb72edb6191aa1d3c3708acdb14d57f383
Author: carlos-loya <carlosloya@utexas.edu>
Date:   Sat Oct 21 21:57:13 2017 -0500

    Added unit tests to test.py and updated the README. Check out coverage.txt to see what unit tests need to be written.

commit 5c18e1339f6bacc01d07952d7bd4672759e6a28b
Author: carlos-loya <carlosloya@utexas.edu>
Date:   Sat Oct 21 21:09:04 2017 -0500

    Fixed canja.py file to reflect the file names template folder. Tests pass. closes #2, closes #12, closes #13, closes #15

commit 8a3f787e97b02e03b16dc3f62b7d8b846e857850
Author: Andrew Chen <aychen@utexas.edu>
Date:   Sat Oct 21 20:25:17 2017 -0500

    adjust booklist.html for proper url routing for authors/publishers

commit b9d7108c6e3c436088246a707ba63ffc3b2af81f
Author: Andrew Chen <aychen@utexas.edu>
Date:   Sat Oct 21 20:05:20 2017 -0500

    fixed url redirecting in html files

commit 40525db004685789a2715157ac8f7b5790b09df3
Author: Andrew Chen <aychen@utexas.edu>
Date:   Sat Oct 21 19:55:13 2017 -0500

    adjust html file names and fix canja.py for proper url routing

commit 1916ae8e2be776ca15635434d316d1171567a0e3
Merge: 792a379 b69924f
Author: jkonchady <jkonchady97@gmail.com>
Date:   Sat Oct 21 17:01:43 2017 -0500

    Merge branch 'dev' of https://github.com/arr3385/cs329e-idb into dev

commit 792a379a627ec0e96c56848fed74e326ec7ea332
Author: jkonchady <jkonchady97@gmail.com>
Date:   Sat Oct 21 16:59:22 2017 -0500

    Updated the list pages

commit b69924f8b0920d5f50930ff4a5d7f995bce6b3aa
Author: carlos-loya <carlosloya@utexas.edu>
Date:   Sat Oct 21 16:56:36 2017 -0500

    Fixed problems with makefile.

commit 005772a0a7b71e238a32686853ad239cc99192e3
Author: carlos-loya <carlosloya@utexas.edu>
Date:   Sat Oct 21 16:53:49 2017 -0500

    Added installation instructions to README file.

commit f044ae86ae4df9bfdbc1865fef7fc74b71662319
Author: Andrew Chen <aychen@utexas.edu>
Date:   Sat Oct 21 16:31:28 2017 -0500

    test delete file

commit b9d1b282f7b87af7404080f4925c98316ff8ef7a
Author: jkonchady <jkonchady97@gmail.com>
Date:   Sat Oct 21 16:29:16 2017 -0500

    updated wrong file

commit 6d424e8f242e83423e858dc476abb7fbcf8e303c
Author: jkonchady <jkonchady97@gmail.com>
Date:   Sat Oct 21 16:27:36 2017 -0500

    Updated about page

commit f87e8196a78179a95d7c2850ec1992cc77d8d784
Author: carlos-loya <carlosloya@utexas.edu>
Date:   Sat Oct 21 16:15:12 2017 -0500

    Added folder skeleton and basic files.

commit 13837a42245fd6f5a8b1580e0b158dee1b681e51
Author: arr3385 <arogalla@utexas.edu>
Date:   Sat Oct 21 15:49:36 2017 -0500

    Update travis.yml

commit 00e09884eb58be9c580dd4b8c4cd57c26ffbad46
Author: carlos-loya <exsorest@gmail.com>
Date:   Fri Oct 20 14:20:20 2017 -0500

    Added a gitignore file and a travis file for CI and build testing

commit 9a8d89d42230ad78c07dede5a83a8985228d575f
Author: arr3385 <arogalla@utexas.edu>
Date:   Fri Oct 20 13:20:03 2017 -0500

    Initial commit
